============================= test session starts ==============================
platform linux -- Python 3.7.3, pytest-6.2.5, py-1.10.0, pluggy-1.0.0 -- /usr/bin/python3
cachedir: .pytest_cache
hypothesis profile 'default' -> database=DirectoryBasedExampleDatabase('/tmp_amd/kamen/export/kamen/3/cs1531/project-automarking/tempstore/.hypothesis/examples')
rootdir: /tmp_amd/kamen/export/kamen/3/cs1531/project-automarking/tempstore, configfile: pytest.ini
plugins: forked-1.3.0, xdist-2.2.1, hypothesis-6.1.1, timeout-1.4.2
collecting ... collected 374 items

http_tests/admin_tests/test_admin_user_remove.py::test_once_removed_user_cant_do_anything PASSED [  0%]
http_tests/admin_tests/test_admin_user_remove.py::test_messages_after_user_removal_correct_format PASSED [  0%]
http_tests/admin_tests/test_admin_user_remove.py::test_removed_profile_still_fetchable_with_user_profile PASSED [  0%]
http_tests/admin_tests/test_admin_user_remove.py::test_removal_removed_from_channel PASSED [  1%]
http_tests/admin_tests/test_admin_user_remove.py::test_removal_removed_from_dm PASSED [  1%]
http_tests/admin_tests/test_admin_user_remove.py::test_removal_not_in_users_all PASSED [  1%]
http_tests/admin_tests/test_admin_user_remove.py::test_email_reusable PASSED [  1%]
http_tests/admin_tests/test_admin_user_remove.py::test_handle_reusable PASSED [  2%]
http_tests/admin_tests/test_admin_user_remove.py::test_invalid_user PASSED [  2%]
http_tests/admin_tests/test_admin_user_remove.py::test_cannot_remove_last_owner PASSED [  2%]
http_tests/admin_tests/test_admin_user_remove.py::test_cannot_remove_user_nonowner PASSED [  2%]
http_tests/admin_tests/test_admin_user_remove.py::test_invalid_token PASSED [  3%]
http_tests/admin_tests/test_admin_userpermission_change.py::test_successful_permission_change PASSED [  3%]
http_tests/admin_tests/test_admin_userpermission_change.py::test_cannot_demote_last_owner PASSED [  3%]
http_tests/admin_tests/test_admin_userpermission_change.py::test_nonowner_cant_change_permissions PASSED [  4%]
http_tests/admin_tests/test_admin_userpermission_change.py::test_invalid_user PASSED [  4%]
http_tests/admin_tests/test_admin_userpermission_change.py::test_invalid_permission PASSED [  4%]
http_tests/admin_tests/test_admin_userpermission_change.py::test_same_permission PASSED [  4%]
http_tests/admin_tests/test_admin_userpermission_change.py::test_invalid_token PASSED [  5%]
http_tests/auth_tests/test_auth_login.py::test_successful_login PASSED   [  5%]
http_tests/auth_tests/test_auth_login.py::test_can_have_two_sessions PASSED [  5%]
http_tests/auth_tests/test_auth_login.py::test_unregistered_user PASSED  [  5%]
http_tests/auth_tests/test_auth_login.py::test_registered_but_incorrect_password PASSED [  6%]
http_tests/auth_tests/test_auth_logout.py::test_successful_logout PASSED [  6%]
http_tests/auth_tests/test_auth_logout.py::test_accesserror_when_already_logged_out PASSED [  6%]
http_tests/auth_tests/test_auth_register.py::test_invalid_email[@gmail.com] PASSED [  6%]
http_tests/auth_tests/test_auth_register.py::test_invalid_email[bob] PASSED [  7%]
http_tests/auth_tests/test_auth_register.py::test_invalid_email[bob@bob@bob.com] PASSED [  7%]
http_tests/auth_tests/test_auth_register.py::test_invalid_password[12345] PASSED [  7%]
http_tests/auth_tests/test_auth_register.py::test_invalid_password[] PASSED [  8%]
http_tests/auth_tests/test_auth_register.py::test_invalid_name_first[] PASSED [  8%]
http_tests/auth_tests/test_auth_register.py::test_invalid_name_first[aaaaaaaaaaaaaaaaaaaaaaaaaaaaaaaaaaaaaaaaaaaaaaaaaaa] PASSED [  8%]
http_tests/auth_tests/test_auth_register.py::test_invalid_name_last[] PASSED [  8%]
http_tests/auth_tests/test_auth_register.py::test_invalid_name_last[bbbbbbbbbbbbbbbbbbbbbbbbbbbbbbbbbbbbbbbbbbbbbbbbbbb] PASSED [  9%]
http_tests/auth_tests/test_auth_register.py::test_duplicate_email PASSED [  9%]
http_tests/auth_tests/test_auth_register.py::test_removed_user_name PASSED [  9%]
http_tests/auth_tests/test_auth_register.py::test_successful_registration PASSED [  9%]
http_tests/auth_tests/test_auth_register.py::test_basic_handle_generated_correctly[Bob-Smith-bobsmith] PASSED [ 10%]
http_tests/auth_tests/test_auth_register.py::test_basic_handle_generated_correctly[ababababab-cdcdcdcdcdcd-abababababcdcdcdcdcd] PASSED [ 10%]
http_tests/auth_tests/test_auth_register.py::test_duplicate_handles_generated_correctly[abcdefghij-klmnopqrs-abcdefghijklmnopqrs-abcdefghij-klmnopqrs-abcdefghijklmnopqrs0] PASSED [ 10%]
http_tests/auth_tests/test_auth_register.py::test_duplicate_handles_generated_correctly[abcdefghij-klmnopqrst-abcdefghijklmnopqrst-abcdefghij-klmnopqrst-abcdefghijklmnopqrst0] PASSED [ 10%]
http_tests/auth_tests/test_auth_register.py::test_duplicate_handles_generated_correctly[@bcdefgh!j-klmn opqrst-bcdefghjklmnopqrst-bcdefghj-klmnopqrst-bcdefghjklmnopqrst0] PASSED [ 11%]
http_tests/auth_tests/test_auth_register.py::test_duplicate_handles_generated_correctly[abc-def0-abcdef0-abc-def-abcdef1] PASSED [ 11%]
http_tests/auth_tests/test_passwordreset_request.py::test_return_format_correct PASSED [ 11%]
http_tests/auth_tests/test_passwordreset_request.py::test_password_request_logs_out_everywhere FAILED [ 12%]
http_tests/auth_tests/test_passwordreset_reset.py::test_invalid_password PASSED [ 12%]
http_tests/channel_tests/test_channel_addowner.py::test_channel_owner_can_addowner_when_member PASSED [ 12%]
http_tests/channel_tests/test_channel_addowner.py::test_global_owner_member_can_addowner PASSED [ 12%]
http_tests/channel_tests/test_channel_addowner.py::test_channel_owner_cant_addowner_when_non_member PASSED [ 13%]
http_tests/channel_tests/test_channel_addowner.py::test_non_member_cannot_add_owner PASSED [ 13%]
http_tests/channel_tests/test_channel_addowner.py::test_global_owner_non_member_cant_addowner_private FAILED [ 13%]
http_tests/channel_tests/test_channel_addowner.py::test_global_owner_non_member_cant_addowner_public FAILED [ 13%]
http_tests/channel_tests/test_channel_addowner.py::test_member_cannot_add_owner PASSED [ 14%]
http_tests/channel_tests/test_channel_addowner.py::test_cannot_addowner_prexisting_channel_owner PASSED [ 14%]
http_tests/channel_tests/test_channel_addowner.py::test_with_invalid_u_id PASSED [ 14%]
http_tests/channel_tests/test_channel_addowner.py::test_with_invalid_channel_id PASSED [ 14%]
http_tests/channel_tests/test_channel_addowner.py::test_invalid_token PASSED [ 15%]
http_tests/channel_tests/test_channel_details.py::test_member_successful PASSED [ 15%]
http_tests/channel_tests/test_channel_details.py::test_non_member_not_successful PASSED [ 15%]
http_tests/channel_tests/test_channel_details.py::test_invalid_channel_id PASSED [ 16%]
http_tests/channel_tests/test_channel_details.py::test_invalid_token PASSED [ 16%]
http_tests/channel_tests/test_channel_invite.py::test_duplicate_invite PASSED [ 16%]
http_tests/channel_tests/test_channel_invite.py::test_invite_global_owner PASSED [ 16%]
http_tests/channel_tests/test_channel_invite.py::test_invite_global_member PASSED [ 17%]
http_tests/channel_tests/test_channel_invite.py::test_invitation_from_non_channel_member PASSED [ 17%]
http_tests/channel_tests/test_channel_invite.py::test_channel_id_invalid PASSED [ 17%]
http_tests/channel_tests/test_channel_invite.py::test_u_id_invalid PASSED [ 17%]
http_tests/channel_tests/test_channel_invite.py::test_invalidated_token PASSED [ 18%]
http_tests/channel_tests/test_channel_join.py::test_global_owner_join_channel_public PASSED [ 18%]
http_tests/channel_tests/test_channel_join.py::test_global_owner_join_channel_private PASSED [ 18%]
http_tests/channel_tests/test_channel_join.py::test_global_member_join_public PASSED [ 18%]
http_tests/channel_tests/test_channel_join.py::test_global_member_cant_join_private PASSED [ 19%]
http_tests/channel_tests/test_channel_join.py::test_already_joined_channel PASSED [ 19%]
http_tests/channel_tests/test_channel_join.py::test_join_invalid_channel_id PASSED [ 19%]
http_tests/channel_tests/test_channel_join.py::test_invalidated_token PASSED [ 20%]
http_tests/channel_tests/test_channel_leave.py::test_member_leave_channel_successfully PASSED [ 20%]
http_tests/channel_tests/test_channel_leave.py::test_leave_channel_when_not_member PASSED [ 20%]
http_tests/channel_tests/test_channel_leave.py::test_invalid_channel_id PASSED [ 20%]
http_tests/channel_tests/test_channel_leave.py::test_invalid_token PASSED [ 21%]
http_tests/channel_tests/test_channel_messages.py::test_message_timestamp PASSED [ 21%]
http_tests/channel_tests/test_channel_messages.py::test_under_fifty_messages_sent PASSED [ 21%]
http_tests/channel_tests/test_channel_messages.py::test_over_fifty_messages_sent PASSED [ 21%]
http_tests/channel_tests/test_channel_messages.py::test_removal_by_edit_reflected PASSED [ 22%]
http_tests/channel_tests/test_channel_messages.py::test_removal_by_deletion_reflected PASSED [ 22%]
http_tests/channel_tests/test_channel_messages.py::test_input_error_when_start_greater_than_message_num PASSED [ 22%]
http_tests/channel_tests/test_channel_messages.py::test_access_error_when_user_is_non_member PASSED [ 22%]
http_tests/channel_tests/test_channel_messages.py::test_input_error_when_channel_id_invalid PASSED [ 23%]
http_tests/channel_tests/test_channel_messages.py::test_access_error_when_invalid_token_given PASSED [ 23%]
http_tests/channel_tests/test_channel_removeowner.py::test_owner_can_remove_owner PASSED [ 23%]
http_tests/channel_tests/test_channel_removeowner.py::test_global_owner_member_can_remove_owner PASSED [ 24%]
http_tests/channel_tests/test_channel_removeowner.py::test_global_owner_nonmember_cannot_remove_owner FAILED [ 24%]
http_tests/channel_tests/test_channel_removeowner.py::test_nonmember_cannot_remove_owner PASSED [ 24%]
http_tests/channel_tests/test_channel_removeowner.py::test_member_cannot_remove_owner PASSED [ 24%]
http_tests/channel_tests/test_channel_removeowner.py::test_cannot_remove_last_owner PASSED [ 25%]
http_tests/channel_tests/test_channel_removeowner.py::test_global_owner_cannot_remove_only_owner PASSED [ 25%]
http_tests/channel_tests/test_channel_removeowner.py::test_cannot_remove_non_owner PASSED [ 25%]
http_tests/channel_tests/test_channel_removeowner.py::test_invalid_u_id PASSED [ 25%]
http_tests/channel_tests/test_channel_removeowner.py::test_with_invalid_channel_id PASSED [ 26%]
http_tests/channel_tests/test_channel_removeowner.py::test_invalidated_token PASSED [ 26%]
http_tests/channels_tests/test_channels_create.py::test_create_channel[True-andys room] PASSED [ 26%]
http_tests/channels_tests/test_channels_create.py::test_create_channel[False-andys room] PASSED [ 27%]
http_tests/channels_tests/test_channels_create.py::test_invalid_channel_name_length[True-] PASSED [ 27%]
http_tests/channels_tests/test_channels_create.py::test_invalid_channel_name_length[True-I AM NOT A TOY AND ALSO THIS NAME IS TOO LONG] PASSED [ 27%]
http_tests/channels_tests/test_channels_create.py::test_invalid_channel_name_length[False-] PASSED [ 27%]
http_tests/channels_tests/test_channels_create.py::test_invalid_channel_name_length[False-I AM NOT A TOY AND ALSO THIS NAME IS TOO LONG] PASSED [ 28%]
http_tests/channels_tests/test_channels_create.py::test_invalidated_token PASSED [ 28%]
http_tests/channels_tests/test_channels_list.py::test_when_in_no_channels PASSED [ 28%]
http_tests/channels_tests/test_channels_list.py::test_when_in_one_channel[True-andy] PASSED [ 28%]
http_tests/channels_tests/test_channels_list.py::test_when_in_one_channel[False-andy] PASSED [ 29%]
http_tests/channels_tests/test_channels_list.py::test_when_in_multiple_channels[False-True-ZERG-andy] PASSED [ 29%]
http_tests/channels_tests/test_channels_list.py::test_when_in_multiple_channels[False-False-ZERG-andy] PASSED [ 29%]
http_tests/channels_tests/test_channels_list.py::test_when_in_multiple_channels[True-True-ZERG-andy] PASSED [ 29%]
http_tests/channels_tests/test_channels_list.py::test_when_in_multiple_channels[True-False-ZERG-andy] PASSED [ 30%]
http_tests/channels_tests/test_channels_list.py::test_list_after_leave_channel PASSED [ 30%]
http_tests/channels_tests/test_channels_list.py::test_invalidated_token PASSED [ 30%]
http_tests/channels_tests/test_channels_listall.py::test_when_no_channels PASSED [ 31%]
http_tests/channels_tests/test_channels_listall.py::test_when_one_channel_exists_private PASSED [ 31%]
http_tests/channels_tests/test_channels_listall.py::test_when_one_channel_exists_public PASSED [ 31%]
http_tests/channels_tests/test_channels_listall.py::test_when_multiple_channels_exist PASSED [ 31%]
http_tests/channels_tests/test_channels_listall.py::test_invalidated_token PASSED [ 32%]
http_tests/dm_tests/test_dm_create.py::test_successful_dm_creation PASSED [ 32%]
http_tests/dm_tests/test_dm_create.py::test_dm_name_creation_single PASSED [ 32%]
http_tests/dm_tests/test_dm_create.py::test_dm_name_creation_multiple PASSED [ 32%]
http_tests/dm_tests/test_dm_create.py::test_dm_to_invalid_users PASSED   [ 33%]
http_tests/dm_tests/test_dm_create.py::test_dm_to_users_but_one_invalid PASSED [ 33%]
http_tests/dm_tests/test_dm_create.py::test_dm_to_users_but_duplicate PASSED [ 33%]
http_tests/dm_tests/test_dm_create.py::test_invalid_token PASSED         [ 33%]
http_tests/dm_tests/test_dm_details.py::test_member_successful PASSED    [ 34%]
http_tests/dm_tests/test_dm_details.py::test_non_member_not_successful PASSED [ 34%]
http_tests/dm_tests/test_dm_details.py::test_invalid_dm_id PASSED        [ 34%]
http_tests/dm_tests/test_dm_details.py::test_invalid_token PASSED        [ 35%]
http_tests/dm_tests/test_dm_leave.py::test_member_leave_dm_successfully PASSED [ 35%]
http_tests/dm_tests/test_dm_leave.py::test_leave_dm_when_not_member PASSED [ 35%]
http_tests/dm_tests/test_dm_leave.py::test_invalid_dm_id PASSED          [ 35%]
http_tests/dm_tests/test_dm_leave.py::test_invalid_token PASSED          [ 36%]
http_tests/dm_tests/test_dm_list.py::test_when_in_no_dms PASSED          [ 36%]
http_tests/dm_tests/test_dm_list.py::test_when_in_one_dm PASSED          [ 36%]
http_tests/dm_tests/test_dm_list.py::test_when_in_multiple_dms PASSED    [ 36%]
http_tests/dm_tests/test_dm_list.py::test_list_after_leave_dm PASSED     [ 37%]
http_tests/dm_tests/test_dm_list.py::test_invalidated_token PASSED       [ 37%]
http_tests/dm_tests/test_dm_messages.py::test_under_fifty_messages_sent PASSED [ 37%]
http_tests/dm_tests/test_dm_messages.py::test_over_fifty_messages_sent PASSED [ 37%]
http_tests/dm_tests/test_dm_messages.py::test_removal_by_edit_reflected PASSED [ 38%]
http_tests/dm_tests/test_dm_messages.py::test_removal_by_deletion_reflected PASSED [ 38%]
http_tests/dm_tests/test_dm_messages.py::test_input_error_when_start_greater_than_message_num PASSED [ 38%]
http_tests/dm_tests/test_dm_messages.py::test_access_error_when_user_is_non_member PASSED [ 39%]
http_tests/dm_tests/test_dm_messages.py::test_input_error_when_dm_id_invalid PASSED [ 39%]
http_tests/dm_tests/test_dm_messages.py::test_access_error_when_invalid_token_given PASSED [ 39%]
http_tests/dm_tests/test_dm_remove.py::test_successful_dm_removal PASSED [ 39%]
http_tests/dm_tests/test_dm_remove.py::test_removal_removes_messages FAILED [ 40%]
http_tests/dm_tests/test_dm_remove.py::test_nonowner_cannot_remove_dm PASSED [ 40%]
http_tests/dm_tests/test_dm_remove.py::test_owner_nonmember_cannot_remove_dm PASSED [ 40%]
http_tests/dm_tests/test_dm_remove.py::test_invalid_dm_id PASSED         [ 40%]
http_tests/dm_tests/test_dm_remove.py::test_invalid_token PASSED         [ 41%]
http_tests/message_tests/test_message_edit.py::test_original_poster_can_edit_message_channel PASSED [ 41%]
http_tests/message_tests/test_message_edit.py::test_original_poster_can_edit_message_dm PASSED [ 41%]
http_tests/message_tests/test_message_edit.py::test_owner_can_edit_members_message_channel PASSED [ 41%]
http_tests/message_tests/test_message_edit.py::test_owner_can_edit_members_message_dm PASSED [ 42%]
http_tests/message_tests/test_message_edit.py::test_global_owner_can_edit_members_message_channel PASSED [ 42%]
http_tests/message_tests/test_message_edit.py::test_global_owner_cant_edit_members_message_dm PASSED [ 42%]
http_tests/message_tests/test_message_edit.py::test_empty_edit_deletes_message PASSED [ 43%]
http_tests/message_tests/test_message_edit.py::test_invalid_message_length PASSED [ 43%]
http_tests/message_tests/test_message_edit.py::test_cannot_edit_deleted_message PASSED [ 43%]
http_tests/message_tests/test_message_edit.py::test_nonowner_nonposter_cant_edit PASSED [ 43%]
http_tests/message_tests/test_message_edit.py::test_invalid_token PASSED [ 44%]
http_tests/message_tests/test_message_meta.py::test_message_ids_unique PASSED [ 44%]
http_tests/message_tests/test_message_meta.py::test_message_ids_unique_iter3 PASSED [ 44%]
http_tests/message_tests/test_message_pin.py::test_successful_pin_channel_owner_in_channel PASSED [ 44%]
http_tests/message_tests/test_message_pin.py::test_successful_pin_dm_owner_in_dm PASSED [ 45%]
http_tests/message_tests/test_message_pin.py::test_successful_pin_global_owner_in_channel PASSED [ 45%]
http_tests/message_tests/test_message_pin.py::test_invalid_message_id PASSED [ 45%]
http_tests/message_tests/test_message_pin.py::test_cannot_pin_twice PASSED [ 45%]
http_tests/message_tests/test_message_pin.py::test_channel_member_cant_pin PASSED [ 46%]
http_tests/message_tests/test_message_pin.py::test_dm_member_cant_pin PASSED [ 46%]
http_tests/message_tests/test_message_pin.py::test_global_owner_cant_pin_in_dm PASSED [ 46%]
http_tests/message_tests/test_message_pin.py::test_nonmember_cant_pin PASSED [ 47%]
http_tests/message_tests/test_message_pin.py::test_invalid_token PASSED  [ 47%]
http_tests/message_tests/test_message_react.py::test_successful_react_in_channel PASSED [ 47%]
http_tests/message_tests/test_message_react.py::test_successful_react_to_dm_message PASSED [ 47%]
http_tests/message_tests/test_message_react.py::test_invalid_message_id PASSED [ 48%]
http_tests/message_tests/test_message_react.py::test_invalid_react_id PASSED [ 48%]
http_tests/message_tests/test_message_react.py::test_cant_react_twice PASSED [ 48%]
http_tests/message_tests/test_message_react.py::test_nonmember_cannot_react PASSED [ 48%]
http_tests/message_tests/test_message_react.py::test_invalid_token PASSED [ 49%]
http_tests/message_tests/test_message_remove.py::test_original_poster_can_remove_message PASSED [ 49%]
http_tests/message_tests/test_message_remove.py::test_owner_can_remove_members_message PASSED [ 49%]
http_tests/message_tests/test_message_remove.py::test_global_owner_can_remove_members_message_channel PASSED [ 50%]
http_tests/message_tests/test_message_remove.py::test_global_owner_cant_remove_members_message_dm PASSED [ 50%]
http_tests/message_tests/test_message_remove.py::test_cannot_remove_deleted_message PASSED [ 50%]
http_tests/message_tests/test_message_remove.py::test_nonowner_nonposter_cant_remove_message PASSED [ 50%]
http_tests/message_tests/test_message_remove.py::test_invalid_token PASSED [ 51%]
http_tests/message_tests/test_message_send.py::test_valid_message PASSED [ 51%]
http_tests/message_tests/test_message_send.py::test_nonmember_post PASSED [ 51%]
http_tests/message_tests/test_message_send.py::test_invalid_channel PASSED [ 51%]
http_tests/message_tests/test_message_send.py::test_invalid_message[] PASSED [ 52%]
http_tests/message_tests/test_message_send.py::test_invalid_message[mmmmmmmmmmmmmmmmmmmmmmmmmmmmmmmmmmmmmmmmmmmmmmmmmmmmmmmmmmmmmmmmmmmmmmmmmmmmmmmmmmmmmmmmmmmmmmmmmmmmmmmmmmmmmmmmmmmmmmmmmmmmmmmmmmmmmmmmmmmmmmmmmmmmmmmmmmmmmmmmmmmmmmmmmmmmmmmmmmmmmmmmmmmmmmmmmmmmmmmmmmmmmmmmmmmmmmmmmmmmmmmmmmmmmmmmmmmmmmmmmmmmmmmmmmmmmmmmmmmmmmmmmmmmmmmmmmmmmmmmmmmmmmmmmmmmmmmmmmmmmmmmmmmmmmmmmmmmmmmmmmmmmmmmmmmmmmmmmmmmmmmmmmmmmmmmmmmmmmmmmmmmmmmmmmmmmmmmmmmmmmmmmmmmmmmmmmmmmmmmmmmmmmmmmmmmmmmmmmmmmmmmmmmmmmmmmmmmmmmmmmmmmmmmmmmmmmmmmmmmmmmmmmmmmmmmmmmmmmmmmmmmmmmmmmmmmmmmmmmmmmmmmmmmmmmmmmmmmmmmmmmmmmmmmmmmmmmmmmmmmmmmmmmmmmmmmmmmmmmmmmmmmmmmmmmmmmmmmmmmmmmmmmmmmmmmmmmmmmmmmmmmmmmmmmmmmmmmmmmmmmmmmmmmmmmmmmmmmmmmmmmmmmmmmmmmmmmmmmmmmmmmmmmmmmmmmmmmmmmmmmmmmmmmmmmmmmmmmmmmmmmmmmmmmmmmmmmmmmmmmmmmmmmmmmmmmmmmmmmmmmmmmmmmmmmmmmmmmmmmmmmmmmmmmmmmmmmmmmmmmmmmmmmmmmmmmmmmmmmmmmmmmmmmmmmmmmmmmmmmmmmmmmmmmmmmmmmmmmmmmmmmmmmmmmmmmmmmmmmmmmmmmmmmmmmmmmmmmmmmmmmmmmmmmmmmmmmmmmmmmmmmmmmmmmmmmmmmmmmmmmmmmmmmmmmmmmmmmmmmmmmmmmmmmmmmmmmmmmmmmmmmmmmmmmmmmmmmmmmmmmmmmmmmmmmmmmmmmmmmm] PASSED [ 52%]
http_tests/message_tests/test_message_send.py::test_invalid_token PASSED [ 52%]
http_tests/message_tests/test_message_senddm.py::test_valid_message PASSED [ 52%]
http_tests/message_tests/test_message_senddm.py::test_nonmember_post PASSED [ 53%]
http_tests/message_tests/test_message_senddm.py::test_invalid_dm PASSED  [ 53%]
http_tests/message_tests/test_message_senddm.py::test_invalid_message[] PASSED [ 53%]
http_tests/message_tests/test_message_senddm.py::test_invalid_message[mmmmmmmmmmmmmmmmmmmmmmmmmmmmmmmmmmmmmmmmmmmmmmmmmmmmmmmmmmmmmmmmmmmmmmmmmmmmmmmmmmmmmmmmmmmmmmmmmmmmmmmmmmmmmmmmmmmmmmmmmmmmmmmmmmmmmmmmmmmmmmmmmmmmmmmmmmmmmmmmmmmmmmmmmmmmmmmmmmmmmmmmmmmmmmmmmmmmmmmmmmmmmmmmmmmmmmmmmmmmmmmmmmmmmmmmmmmmmmmmmmmmmmmmmmmmmmmmmmmmmmmmmmmmmmmmmmmmmmmmmmmmmmmmmmmmmmmmmmmmmmmmmmmmmmmmmmmmmmmmmmmmmmmmmmmmmmmmmmmmmmmmmmmmmmmmmmmmmmmmmmmmmmmmmmmmmmmmmmmmmmmmmmmmmmmmmmmmmmmmmmmmmmmmmmmmmmmmmmmmmmmmmmmmmmmmmmmmmmmmmmmmmmmmmmmmmmmmmmmmmmmmmmmmmmmmmmmmmmmmmmmmmmmmmmmmmmmmmmmmmmmmmmmmmmmmmmmmmmmmmmmmmmmmmmmmmmmmmmmmmmmmmmmmmmmmmmmmmmmmmmmmmmmmmmmmmmmmmmmmmmmmmmmmmmmmmmmmmmmmmmmmmmmmmmmmmmmmmmmmmmmmmmmmmmmmmmmmmmmmmmmmmmmmmmmmmmmmmmmmmmmmmmmmmmmmmmmmmmmmmmmmmmmmmmmmmmmmmmmmmmmmmmmmmmmmmmmmmmmmmmmmmmmmmmmmmmmmmmmmmmmmmmmmmmmmmmmmmmmmmmmmmmmmmmmmmmmmmmmmmmmmmmmmmmmmmmmmmmmmmmmmmmmmmmmmmmmmmmmmmmmmmmmmmmmmmmmmmmmmmmmmmmmmmmmmmmmmmmmmmmmmmmmmmmmmmmmmmmmmmmmmmmmmmmmmmmmmmmmmmmmmmmmmmmmmmmmmmmmmmmmmmmmmmmmmmmmmmmmmmmmmmmmmmmmmmmmmmmmmmmmmmmmmmmmmmmmmmmmmmmmmmmmmmmmmmmmmmmmmm] PASSED [ 54%]
http_tests/message_tests/test_message_senddm.py::test_invalid_token PASSED [ 54%]
http_tests/message_tests/test_message_sendlater.py::test_valid_future_message PASSED [ 54%]
http_tests/message_tests/test_message_sendlater.py::test_returns_immediately PASSED [ 54%]
http_tests/message_tests/test_message_sendlater.py::test_invalid_returned_id_until_sent FAILED [ 55%]
http_tests/message_tests/test_message_sendlater.py::test_nonmember_cannot_sendlater PASSED [ 55%]
http_tests/message_tests/test_message_sendlater.py::test_cannot_time_travel_aka_send_message_in_past PASSED [ 55%]
http_tests/message_tests/test_message_sendlater.py::test_invalid_message[] PASSED [ 55%]
http_tests/message_tests/test_message_sendlater.py::test_invalid_message[mmmmmmmmmmmmmmmmmmmmmmmmmmmmmmmmmmmmmmmmmmmmmmmmmmmmmmmmmmmmmmmmmmmmmmmmmmmmmmmmmmmmmmmmmmmmmmmmmmmmmmmmmmmmmmmmmmmmmmmmmmmmmmmmmmmmmmmmmmmmmmmmmmmmmmmmmmmmmmmmmmmmmmmmmmmmmmmmmmmmmmmmmmmmmmmmmmmmmmmmmmmmmmmmmmmmmmmmmmmmmmmmmmmmmmmmmmmmmmmmmmmmmmmmmmmmmmmmmmmmmmmmmmmmmmmmmmmmmmmmmmmmmmmmmmmmmmmmmmmmmmmmmmmmmmmmmmmmmmmmmmmmmmmmmmmmmmmmmmmmmmmmmmmmmmmmmmmmmmmmmmmmmmmmmmmmmmmmmmmmmmmmmmmmmmmmmmmmmmmmmmmmmmmmmmmmmmmmmmmmmmmmmmmmmmmmmmmmmmmmmmmmmmmmmmmmmmmmmmmmmmmmmmmmmmmmmmmmmmmmmmmmmmmmmmmmmmmmmmmmmmmmmmmmmmmmmmmmmmmmmmmmmmmmmmmmmmmmmmmmmmmmmmmmmmmmmmmmmmmmmmmmmmmmmmmmmmmmmmmmmmmmmmmmmmmmmmmmmmmmmmmmmmmmmmmmmmmmmmmmmmmmmmmmmmmmmmmmmmmmmmmmmmmmmmmmmmmmmmmmmmmmmmmmmmmmmmmmmmmmmmmmmmmmmmmmmmmmmmmmmmmmmmmmmmmmmmmmmmmmmmmmmmmmmmmmmmmmmmmmmmmmmmmmmmmmmmmmmmmmmmmmmmmmmmmmmmmmmmmmmmmmmmmmmmmmmmmmmmmmmmmmmmmmmmmmmmmmmmmmmmmmmmmmmmmmmmmmmmmmmmmmmmmmmmmmmmmmmmmmmmmmmmmmmmmmmmmmmmmmmmmmmmmmmmmmmmmmmmmmmmmmmmmmmmmmmmmmmmmmmmmmmmmmmmmmmmmmmmmmmmmmmmmmmmmmmmmmmmmmmmmmmmmmmmmmmmmmmmmmmmmmmmmmmmmmmmmmmmmmm] PASSED [ 56%]
http_tests/message_tests/test_message_sendlater.py::test_invalid_channel PASSED [ 56%]
http_tests/message_tests/test_message_sendlater.py::test_invalid_token PASSED [ 56%]
http_tests/message_tests/test_message_sendlaterdm.py::test_valid_future_message PASSED [ 56%]
http_tests/message_tests/test_message_sendlaterdm.py::test_returns_immediately PASSED [ 57%]
http_tests/message_tests/test_message_sendlaterdm.py::test_invalid_returned_id_until_sent FAILED [ 57%]
http_tests/message_tests/test_message_sendlaterdm.py::test_nonmember_cannot_sendlater PASSED [ 57%]
http_tests/message_tests/test_message_sendlaterdm.py::test_cannot_time_travel_aka_send_message_in_past PASSED [ 58%]
http_tests/message_tests/test_message_sendlaterdm.py::test_invalid_message[] PASSED [ 58%]
http_tests/message_tests/test_message_sendlaterdm.py::test_invalid_message[mmmmmmmmmmmmmmmmmmmmmmmmmmmmmmmmmmmmmmmmmmmmmmmmmmmmmmmmmmmmmmmmmmmmmmmmmmmmmmmmmmmmmmmmmmmmmmmmmmmmmmmmmmmmmmmmmmmmmmmmmmmmmmmmmmmmmmmmmmmmmmmmmmmmmmmmmmmmmmmmmmmmmmmmmmmmmmmmmmmmmmmmmmmmmmmmmmmmmmmmmmmmmmmmmmmmmmmmmmmmmmmmmmmmmmmmmmmmmmmmmmmmmmmmmmmmmmmmmmmmmmmmmmmmmmmmmmmmmmmmmmmmmmmmmmmmmmmmmmmmmmmmmmmmmmmmmmmmmmmmmmmmmmmmmmmmmmmmmmmmmmmmmmmmmmmmmmmmmmmmmmmmmmmmmmmmmmmmmmmmmmmmmmmmmmmmmmmmmmmmmmmmmmmmmmmmmmmmmmmmmmmmmmmmmmmmmmmmmmmmmmmmmmmmmmmmmmmmmmmmmmmmmmmmmmmmmmmmmmmmmmmmmmmmmmmmmmmmmmmmmmmmmmmmmmmmmmmmmmmmmmmmmmmmmmmmmmmmmmmmmmmmmmmmmmmmmmmmmmmmmmmmmmmmmmmmmmmmmmmmmmmmmmmmmmmmmmmmmmmmmmmmmmmmmmmmmmmmmmmmmmmmmmmmmmmmmmmmmmmmmmmmmmmmmmmmmmmmmmmmmmmmmmmmmmmmmmmmmmmmmmmmmmmmmmmmmmmmmmmmmmmmmmmmmmmmmmmmmmmmmmmmmmmmmmmmmmmmmmmmmmmmmmmmmmmmmmmmmmmmmmmmmmmmmmmmmmmmmmmmmmmmmmmmmmmmmmmmmmmmmmmmmmmmmmmmmmmmmmmmmmmmmmmmmmmmmmmmmmmmmmmmmmmmmmmmmmmmmmmmmmmmmmmmmmmmmmmmmmmmmmmmmmmmmmmmmmmmmmmmmmmmmmmmmmmmmmmmmmmmmmmmmmmmmmmmmmmmmmmmmmmmmmmmmmmmmmmmmmmmmmmmmmmmmmmmmmmmmmmmmmmmmmmmmmmmmmmmmmmmm] PASSED [ 58%]
http_tests/message_tests/test_message_sendlaterdm.py::test_invalid_dm PASSED [ 58%]
http_tests/message_tests/test_message_sendlaterdm.py::test_invalid_token PASSED [ 59%]
http_tests/message_tests/test_message_share.py::test_successful_share_to_channel FAILED [ 59%]
http_tests/message_tests/test_message_share.py::test_successful_share_to_dm FAILED [ 59%]
http_tests/message_tests/test_message_share.py::test_successful_cross_share[True] FAILED [ 59%]
http_tests/message_tests/test_message_share.py::test_successful_cross_share[False] FAILED [ 60%]
http_tests/message_tests/test_message_share.py::test_cannot_share_to_unjoined_dm PASSED [ 60%]
http_tests/message_tests/test_message_share.py::test_cannot_share_to_unjoined_channel PASSED [ 60%]
http_tests/message_tests/test_message_share.py::test_cannot_share_from_unjoined_channel PASSED [ 60%]
http_tests/message_tests/test_message_share.py::test_cannot_share_from_unjoined_dm PASSED [ 61%]
http_tests/message_tests/test_message_share.py::test_invalid_og_message_id PASSED [ 61%]
http_tests/message_tests/test_message_share.py::test_invalid_message_length PASSED [ 61%]
http_tests/message_tests/test_message_share.py::test_share_to_invalid_channel_id PASSED [ 62%]
http_tests/message_tests/test_message_share.py::test_share_to_invalid_dm_id PASSED [ 62%]
http_tests/message_tests/test_message_share.py::test_invalid_token PASSED [ 62%]
http_tests/message_tests/test_message_unpin.py::test_successful_unpin_channel_owner_in_channel PASSED [ 62%]
http_tests/message_tests/test_message_unpin.py::test_successful_unpin_dm_owner_in_dm PASSED [ 63%]
http_tests/message_tests/test_message_unpin.py::test_successful_unpin_global_owner_in_channel PASSED [ 63%]
http_tests/message_tests/test_message_unpin.py::test_invalid_message_id PASSED [ 63%]
http_tests/message_tests/test_message_unpin.py::test_cannot_unpin_twice PASSED [ 63%]
http_tests/message_tests/test_message_unpin.py::test_channel_member_cant_unpin PASSED [ 64%]
http_tests/message_tests/test_message_unpin.py::test_dm_member_cant_unpin PASSED [ 64%]
http_tests/message_tests/test_message_unpin.py::test_global_owner_cant_unpin_in_dm PASSED [ 64%]
http_tests/message_tests/test_message_unpin.py::test_nonmember_cant_unpin PASSED [ 64%]
http_tests/message_tests/test_message_unpin.py::test_invalid_token PASSED [ 65%]
http_tests/message_tests/test_message_unreact.py::test_successful_unreact_in_channel PASSED [ 65%]
http_tests/message_tests/test_message_unreact.py::test_successful_unreact_to_dm_message PASSED [ 65%]
http_tests/message_tests/test_message_unreact.py::test_invalid_message_id PASSED [ 66%]
http_tests/message_tests/test_message_unreact.py::test_invalid_react_id PASSED [ 66%]
http_tests/message_tests/test_message_unreact.py::test_cant_unreact_twice PASSED [ 66%]
http_tests/message_tests/test_message_unreact.py::test_nonmember_cannot_unreact PASSED [ 66%]
http_tests/message_tests/test_message_unreact.py::test_invalid_token PASSED [ 67%]
http_tests/other_tests/test_clear.py::test_clear_works PASSED            [ 67%]
http_tests/other_tests/test_notifications_get.py::test_tag_thru_message_send_triggers_notification PASSED [ 67%]
http_tests/other_tests/test_notifications_get.py::test_tag_not_in_channel PASSED [ 67%]
http_tests/other_tests/test_notifications_get.py::test_multiple_same_tags_only_one_notification PASSED [ 68%]
http_tests/other_tests/test_notifications_get.py::test_tag_self PASSED   [ 68%]
http_tests/other_tests/test_notifications_get.py::test_multiple_tags PASSED [ 68%]
http_tests/other_tests/test_notifications_get.py::test_tag_thru_message_senddm_triggers_notification PASSED [ 68%]
http_tests/other_tests/test_notifications_get.py::test_tag_thru_message_edit_triggers_notification FAILED [ 69%]
http_tests/other_tests/test_notifications_get.py::test_tag_thru_message_share_triggers_notification PASSED [ 69%]
http_tests/other_tests/test_notifications_get.py::test_tag_thru_message_sendlater_triggers_notification PASSED [ 69%]
http_tests/other_tests/test_notifications_get.py::test_message_sendlater_tag_notifies_when_sent PASSED [ 70%]
http_tests/other_tests/test_notifications_get.py::test_tag_thru_message_sendlaterdm_triggers_notification PASSED [ 70%]
http_tests/other_tests/test_notifications_get.py::test_tag_notification_message_preview_length[a small message] PASSED [ 70%]
http_tests/other_tests/test_notifications_get.py::test_tag_notification_message_preview_length[AAAAAAAAAAAAAAAAAAAAAAAAAAAAAAAAAAAAAAAAAAAAAAAAAAAAAAAAAAAAAAAAAAAAAAAAAAAAAAAAAAAAAAAAAAAAAAAAAAAAAAAAAAAAAAAAAAAAAAAAAAAAAAAAAAAAAAAAAAAAAAAAAAAAAAAAAAAAAAAAAAAAAAAAAAAAAAAAAAAAAAAAAAAAAAAAAAAAAAAAAAAAAAAAAAAAAAAAAAAAAAAAAAAAAAAAAAAAAAAAAAAAAAAAAAAAAAAAAAAAAAAAAAAAAAAAAAAAAAAAAAAAAAAAAAAAAAAAAAAAAAAAAAAAAAAAAAAAAAAAAAAAAAAAAAAAAAAAAAAAAAAAAAAAAA] PASSED [ 70%]
http_tests/other_tests/test_notifications_get.py::test_react_triggers_notification[ch] PASSED [ 71%]
http_tests/other_tests/test_notifications_get.py::test_react_triggers_notification[dm] PASSED [ 71%]
http_tests/other_tests/test_notifications_get.py::test_add_thru_ch_invite_triggers_notification PASSED [ 71%]
http_tests/other_tests/test_notifications_get.py::test_add_thru_dm_create_triggers_notification PASSED [ 71%]
http_tests/other_tests/test_notifications_get.py::test_most_recent_20_notifications_fetched PASSED [ 72%]
http_tests/other_tests/test_notifications_get.py::test_invalid_token PASSED [ 72%]
http_tests/other_tests/test_search.py::test_no_matches FAILED            [ 72%]
http_tests/other_tests/test_search.py::test_single_match PASSED          [ 72%]
http_tests/other_tests/test_search.py::test_case_insensitive_match PASSED [ 73%]
http_tests/other_tests/test_search.py::test_multiple_matches PASSED      [ 73%]
http_tests/other_tests/test_search.py::test_multiple_channels_joined PASSED [ 73%]
http_tests/other_tests/test_search.py::test_search_includes_only_joined_channels FAILED [ 74%]
http_tests/other_tests/test_search.py::test_search_matches_more_than_just_authorised_user PASSED [ 74%]
http_tests/other_tests/test_search.py::test_invalid_search[] PASSED      [ 74%]
http_tests/other_tests/test_search.py::test_invalid_search[aaaaaaaaaaaaaaaaaaaaaaaaaaaaaaaaaaaaaaaaaaaaaaaaaaaaaaaaaaaaaaaaaaaaaaaaaaaaaaaaaaaaaaaaaaaaaaaaaaaaaaaaaaaaaaaaaaaaaaaaaaaaaaaaaaaaaaaaaaaaaaaaaaaaaaaaaaaaaaaaaaaaaaaaaaaaaaaaaaaaaaaaaaaaaaaaaaaaaaaaaaaaaaaaaaaaaaaaaaaaaaaaaaaaaaaaaaaaaaaaaaaaaaaaaaaaaaaaaaaaaaaaaaaaaaaaaaaaaaaaaaaaaaaaaaaaaaaaaaaaaaaaaaaaaaaaaaaaaaaaaaaaaaaaaaaaaaaaaaaaaaaaaaaaaaaaaaaaaaaaaaaaaaaaaaaaaaaaaaaaaaaaaaaaaaaaaaaaaaaaaaaaaaaaaaaaaaaaaaaaaaaaaaaaaaaaaaaaaaaaaaaaaaaaaaaaaaaaaaaaaaaaaaaaaaaaaaaaaaaaaaaaaaaaaaaaaaaaaaaaaaaaaaaaaaaaaaaaaaaaaaaaaaaaaaaaaaaaaaaaaaaaaaaaaaaaaaaaaaaaaaaaaaaaaaaaaaaaaaaaaaaaaaaaaaaaaaaaaaaaaaaaaaaaaaaaaaaaaaaaaaaaaaaaaaaaaaaaaaaaaaaaaaaaaaaaaaaaaaaaaaaaaaaaaaaaaaaaaaaaaaaaaaaaaaaaaaaaaaaaaaaaaaaaaaaaaaaaaaaaaaaaaaaaaaaaaaaaaaaaaaaaaaaaaaaaaaaaaaaaaaaaaaaaaaaaaaaaaaaaaaaaaaaaaaaaaaaaaaaaaaaaaaaaaaaaaaaaaaaaaaaaaaaaaaaaaaaaaaaaaaaaaaaaaaaaaaaaaaaaaaaaaaaaaaaaaaaaaaaaaaaaaaaaaaaaaaaaaaaaaaaaaaaaaaaaaaaaaaaaaaaaaaaaaaaaaaaaaaaaaaaaaaaaaaaaaaaaaaaaaaaaaaaaaaaaaaaaaaaaaaaaaaaaaaaaaaaaaaaaa] PASSED [ 74%]
http_tests/other_tests/test_search.py::test_invalid_token PASSED         [ 75%]
http_tests/other_tests/test_users_all.py::test_successful_users_all PASSED [ 75%]
http_tests/other_tests/test_users_all.py::test_invalid_token PASSED      [ 75%]
http_tests/standup_tests/test_standup_active.py::test_correct_return_format[True] PASSED [ 75%]
http_tests/standup_tests/test_standup_active.py::test_correct_return_format[False] PASSED [ 76%]
http_tests/standup_tests/test_standup_active.py::test_active_standup PASSED [ 76%]
http_tests/standup_tests/test_standup_active.py::test_inactive_standup PASSED [ 76%]
http_tests/standup_tests/test_standup_active.py::test_invalid_channel_id PASSED [ 77%]
http_tests/standup_tests/test_standup_active.py::test_invalid_token PASSED [ 77%]
http_tests/standup_tests/test_standup_send.py::test_messages_buffered_and_displayed_correctly PASSED [ 77%]
http_tests/standup_tests/test_standup_send.py::test_standup_sends_after_logged_out PASSED [ 77%]
http_tests/standup_tests/test_standup_send.py::test_return_format PASSED [ 78%]
http_tests/standup_tests/test_standup_send.py::test_non_member_cannot_standup_send PASSED [ 78%]
http_tests/standup_tests/test_standup_send.py::test_send_when_standup_inactive PASSED [ 78%]
http_tests/standup_tests/test_standup_send.py::test_invalid_message_length PASSED [ 78%]
http_tests/standup_tests/test_standup_send.py::test_invalid_channel_id PASSED [ 79%]
http_tests/standup_tests/test_standup_send.py::test_invalid_token PASSED [ 79%]
http_tests/standup_tests/test_standup_start.py::test_standup_start_return_format PASSED [ 79%]
http_tests/standup_tests/test_standup_start.py::test_standup_no_messages PASSED [ 79%]
http_tests/standup_tests/test_standup_start.py::test_returns_immediately PASSED [ 80%]
http_tests/standup_tests/test_standup_start.py::test_standup_restartable_after_lapse PASSED [ 80%]
http_tests/standup_tests/test_standup_start.py::test_standup_affects_only_one_channel PASSED [ 80%]
http_tests/standup_tests/test_standup_start.py::test_nonmember_cannot_start_standup PASSED [ 81%]
http_tests/standup_tests/test_standup_start.py::test_cannot_start_standup_when_already_active PASSED [ 81%]
http_tests/standup_tests/test_standup_start.py::test_invalid_standup_length PASSED [ 81%]
http_tests/standup_tests/test_standup_start.py::test_invalid_channel_id PASSED [ 81%]
http_tests/standup_tests/test_standup_start.py::test_invalid_token PASSED [ 82%]
http_tests/stats_tests/test_user_stats.py::test_return_type_correct FAILED [ 82%]
http_tests/stats_tests/test_user_stats.py::test_channels_tracked_channels_create PASSED [ 82%]
http_tests/stats_tests/test_user_stats.py::test_channels_tracked_channel_join PASSED [ 82%]
http_tests/stats_tests/test_user_stats.py::test_channels_tracked_channel_invite PASSED [ 83%]
http_tests/stats_tests/test_user_stats.py::test_channels_tracked_channel_leave PASSED [ 83%]
http_tests/stats_tests/test_user_stats.py::test_dms_tracked_dm_create PASSED [ 83%]
http_tests/stats_tests/test_user_stats.py::test_dms_tracked_dm_leave PASSED [ 83%]
http_tests/stats_tests/test_user_stats.py::test_dms_tracked_dm_remove PASSED [ 84%]
http_tests/stats_tests/test_user_stats.py::test_messages_tracked_message_send PASSED [ 84%]
http_tests/stats_tests/test_user_stats.py::test_messages_tracked_message_sendlater PASSED [ 84%]
http_tests/stats_tests/test_user_stats.py::test_messages_tracked_message_senddm PASSED [ 85%]
http_tests/stats_tests/test_user_stats.py::test_messages_tracked_message_senddmlater PASSED [ 85%]
http_tests/stats_tests/test_user_stats.py::test_messages_tracked_message_share PASSED [ 85%]
http_tests/stats_tests/test_user_stats.py::test_messages_tracked_standup_finish PASSED [ 85%]
http_tests/stats_tests/test_user_stats.py::test_involvement_tracked PASSED [ 86%]
http_tests/stats_tests/test_user_stats.py::test_invalid_token PASSED     [ 86%]
http_tests/stats_tests/test_users_stats.py::test_return_type_correct PASSED [ 86%]
http_tests/stats_tests/test_users_stats.py::test_channels_tracked_channels_create PASSED [ 86%]
http_tests/stats_tests/test_users_stats.py::test_dms_tracked_dm_create PASSED [ 87%]
http_tests/stats_tests/test_users_stats.py::test_dms_tracked_dm_remove PASSED [ 87%]
http_tests/stats_tests/test_users_stats.py::test_messages_tracked_message_send PASSED [ 87%]
http_tests/stats_tests/test_users_stats.py::test_messages_tracked_message_sendlater PASSED [ 87%]
http_tests/stats_tests/test_users_stats.py::test_messages_tracked_message_senddm PASSED [ 88%]
http_tests/stats_tests/test_users_stats.py::test_messages_tracked_message_senddmlater PASSED [ 88%]
http_tests/stats_tests/test_users_stats.py::test_messages_tracked_message_share PASSED [ 88%]
http_tests/stats_tests/test_users_stats.py::test_messages_tracked_standup_finish PASSED [ 89%]
http_tests/stats_tests/test_users_stats.py::test_messages_tracked_edited_to_removal PASSED [ 89%]
http_tests/stats_tests/test_users_stats.py::test_messages_tracked_deleted PASSED [ 89%]
http_tests/stats_tests/test_users_stats.py::test_messages_tracked_dm_removed PASSED [ 89%]
http_tests/stats_tests/test_users_stats.py::test_utilization_tracked PASSED [ 90%]
http_tests/stats_tests/test_users_stats.py::test_invalid_token PASSED    [ 90%]
http_tests/user_tests/test_user_profile.py::test_user_profile_valid PASSED [ 90%]
http_tests/user_tests/test_user_profile.py::test_invalid_user PASSED     [ 90%]
http_tests/user_tests/test_user_profile.py::test_invalid_token PASSED    [ 91%]
http_tests/user_tests/test_user_profile_setemail.py::test_successful_email_change PASSED [ 91%]
http_tests/user_tests/test_user_profile_setemail.py::test_cannot_change_to_taken_email PASSED [ 91%]
http_tests/user_tests/test_user_profile_setemail.py::test_invalid_email[] PASSED [ 91%]
http_tests/user_tests/test_user_profile_setemail.py::test_invalid_email[bob] PASSED [ 92%]
http_tests/user_tests/test_user_profile_setemail.py::test_invalid_email[ab.com] PASSED [ 92%]
http_tests/user_tests/test_user_profile_setemail.py::test_invalid_email[@gmail.com] PASSED [ 92%]
http_tests/user_tests/test_user_profile_setemail.py::test_invalid_email[ab@ab@gmail.com] PASSED [ 93%]
http_tests/user_tests/test_user_profile_setemail.py::test_invalid_token PASSED [ 93%]
http_tests/user_tests/test_user_profile_sethandle.py::test_successful_handle_change PASSED [ 93%]
http_tests/user_tests/test_user_profile_sethandle.py::test_cannot_change_to_taken_handle PASSED [ 93%]
http_tests/user_tests/test_user_profile_sethandle.py::test_invalid_handle[] PASSED [ 94%]
http_tests/user_tests/test_user_profile_sethandle.py::test_invalid_handle[a] PASSED [ 94%]
http_tests/user_tests/test_user_profile_sethandle.py::test_invalid_handle[aa] PASSED [ 94%]
http_tests/user_tests/test_user_profile_sethandle.py::test_invalid_handle[aaaaaaaaaaaaaaaaaaaaa] PASSED [ 94%]
http_tests/user_tests/test_user_profile_sethandle.py::test_invalid_handle[new handle] PASSED [ 95%]
http_tests/user_tests/test_user_profile_sethandle.py::test_invalid_handle[newh@ndle] PASSED [ 95%]
http_tests/user_tests/test_user_profile_sethandle.py::test_invalid_token PASSED [ 95%]
http_tests/user_tests/test_user_profile_setname.py::test_user_profile_setname_valid_name PASSED [ 95%]
http_tests/user_tests/test_user_profile_setname.py::test_invalid_name[-] PASSED [ 96%]
http_tests/user_tests/test_user_profile_setname.py::test_invalid_name[-MMMMMMMMMMMMMMMMMMMMMMMMMMMMMMMMMMMMMMMMMMMMMMMMMMM] PASSED [ 96%]
http_tests/user_tests/test_user_profile_setname.py::test_invalid_name[PPPPPPPPPPPPPPPPPPPPPPPPPPPPPPPPPPPPPPPPPPPPPPPPPPP-] PASSED [ 96%]
http_tests/user_tests/test_user_profile_setname.py::test_invalid_name[PPPPPPPPPPPPPPPPPPPPPPPPPPPPPPPPPPPPPPPPPPPPPPPPPPP-MMMMMMMMMMMMMMMMMMMMMMMMMMMMMMMMMMMMMMMMMMMMMMMMMMM] PASSED [ 97%]
http_tests/user_tests/test_user_profile_setname.py::test_invalid_token PASSED [ 97%]
http_tests/user_tests/test_user_profile_uploadphoto.py::test_return_format_correct PASSED [ 97%]
http_tests/user_tests/test_user_profile_uploadphoto.py::test_cannot_upload_non_jpeg PASSED [ 97%]
http_tests/user_tests/test_user_profile_uploadphoto.py::test_invalid_dimensions[-1000-0-0-0] PASSED [ 98%]
http_tests/user_tests/test_user_profile_uploadphoto.py::test_invalid_dimensions[0--1000-0-0] PASSED [ 98%]
http_tests/user_tests/test_user_profile_uploadphoto.py::test_invalid_dimensions[0-0--1000-0] PASSED [ 98%]
http_tests/user_tests/test_user_profile_uploadphoto.py::test_invalid_dimensions[0-0-0--1000] PASSED [ 98%]
http_tests/user_tests/test_user_profile_uploadphoto.py::test_x_end_less_than_start_value PASSED [ 99%]
http_tests/user_tests/test_user_profile_uploadphoto.py::test_y_end_less_than_start_value PASSED [ 99%]
http_tests/user_tests/test_user_profile_uploadphoto.py::test_invalid_url PASSED [ 99%]
http_tests/user_tests/test_user_profile_uploadphoto.py::test_invalid_token PASSED [100%]

====== Marks recorded: 170.79 ======


=================================== FAILURES ===================================
__________________ test_password_request_logs_out_everywhere ___________________

user_woody = User(email='sheriff.woody@andysroom.com', password='qazwsx!!', name_first='sheriff', name_last='woody', u_id=0, token=...9.eyJ1X2lkIjowLCJleHAiOjE2NTA0MDQ2NDQ1MTE5ODl9.4P_SAIm64WUtfXJ0b0WqkcmU5M-jrACZvMkBFINml0o', handle_str='sheriffwoody')
ctx = None

    @iteration3
    def test_password_request_logs_out_everywhere(user_woody, ctx):
        sess2 = auth_login(user_woody.email, user_woody.password, ctx)
    
        auth_passwordreset_request(user_woody.email, ctx)
    
        with pytest.raises(AccessError):
>           users_all(user_woody.token, ctx)
E           Failed: DID NOT RAISE <class 'http_tests.error.AccessError'>

http_tests/auth_tests/test_passwordreset_request.py:29: Failed
______________ test_global_owner_non_member_cant_addowner_private ______________

user_woody = User(email='sheriff.woody@andysroom.com', password='qazwsx!!', name_first='sheriff', name_last='woody', u_id=0, token=...9.eyJ1X2lkIjowLCJleHAiOjE2NTA0MDQ2NTEwNDc0NjJ9.8bqyvJjI0wifynnfSBtBJv0jti80lwe5mnMYb2szzQk', handle_str='sheriffwoody')
zergs_private_lair = Channel(name='zergs lair', is_public=False, channel_id=0, owner_members=[1], all_members=[])
ctx = None

    def test_global_owner_non_member_cant_addowner_private(user_woody, zergs_private_lair, ctx):
        with pytest.raises(AccessError):
>           channel_addowner(user_woody.token, zergs_private_lair.channel_id, user_woody.u_id, ctx)

http_tests/channel_tests/test_channel_addowner.py:50: 
_ _ _ _ _ _ _ _ _ _ _ _ _ _ _ _ _ _ _ _ _ _ _ _ _ _ _ _ _ _ _ _ _ _ _ _ _ _ _ _ 
http_tests/fakepi/channel.py:69: in channel_addowner
    token=token, channel_id=channel_id, u_id=u_id
_ _ _ _ _ _ _ _ _ _ _ _ _ _ _ _ _ _ _ _ _ _ _ _ _ _ _ _ _ _ _ _ _ _ _ _ _ _ _ _ 

res = <Response [400]>

    def parse_response(res):
        if res.status_code in [200, 201]:
            return res.json()
        elif res.status_code == 400:
>           raise error.InputError()
E           http_tests.error.InputError: 400 Bad Request: None

http_tests/fakepi/util.py:68: InputError
______________ test_global_owner_non_member_cant_addowner_public _______________

user_buzz = User(email='buzz.lightyear@starcommand.com', password='qazwsx@@', name_first='buzz', name_last='lightyear', u_id=0, to....eyJ1X2lkIjowLCJleHAiOjE2NTA0MDQ2NTExMzY4Nzl9.t__0Kblw4ZOQrTj7TQiFCPvWCTnmjfexUjIje1X7yy4', handle_str='buzzlightyear')
woodys_public_toybox = Channel(name='woodys toybox', is_public=True, channel_id=0, owner_members=[1], all_members=[])
ctx = None

    def test_global_owner_non_member_cant_addowner_public(user_buzz, woodys_public_toybox, ctx):
        with pytest.raises(AccessError):
>           channel_addowner(user_buzz.token, woodys_public_toybox.channel_id, user_buzz.u_id, ctx)

http_tests/channel_tests/test_channel_addowner.py:55: 
_ _ _ _ _ _ _ _ _ _ _ _ _ _ _ _ _ _ _ _ _ _ _ _ _ _ _ _ _ _ _ _ _ _ _ _ _ _ _ _ 
http_tests/fakepi/channel.py:69: in channel_addowner
    token=token, channel_id=channel_id, u_id=u_id
_ _ _ _ _ _ _ _ _ _ _ _ _ _ _ _ _ _ _ _ _ _ _ _ _ _ _ _ _ _ _ _ _ _ _ _ _ _ _ _ 

res = <Response [400]>

    def parse_response(res):
        if res.status_code in [200, 201]:
            return res.json()
        elif res.status_code == 400:
>           raise error.InputError()
E           http_tests.error.InputError: 400 Bad Request: None

http_tests/fakepi/util.py:68: InputError
_______________ test_global_owner_nonmember_cannot_remove_owner ________________

user_zerg = User(email='zerg.thedestroyer@zergworld.com', password='!!qazwsx', name_first='lord', name_last='zerg', u_id=0, token=...1NiJ9.eyJ1X2lkIjowLCJleHAiOjE2NTA0MDQ2NTUwMzUwMzB9.jkEkMG8rMrfYsiVw06r0L0gkNNzWXWQx7wLqbKSbDRU', handle_str='lordzerg')
user_woody = User(email='sheriff.woody@andysroom.com', password='qazwsx!!', name_first='sheriff', name_last='woody', u_id=1, token=...9.eyJ1X2lkIjoxLCJleHAiOjE2NTA0MDQ2NTUwNTYwMDl9.6mVC1oFTCD1WYNQM-CYtbtEdS90I3NIMk2d1uYr7ah0', handle_str='sheriffwoody')
woodys_public_toybox = Channel(name='woodys toybox', is_public=True, channel_id=0, owner_members=[1], all_members=[])
user_buzz = User(email='buzz.lightyear@starcommand.com', password='qazwsx@@', name_first='buzz', name_last='lightyear', u_id=2, to....eyJ1X2lkIjoyLCJleHAiOjE2NTA0MDQ2NTUwODgxMzB9.0x8wH1jEkn6JoOhESJSFI2lXGA6zyPUEuorCqzW28Ew', handle_str='buzzlightyear')
ctx = None

    def test_global_owner_nonmember_cannot_remove_owner(user_zerg, user_woody, woodys_public_toybox, user_buzz, ctx):
        channel_invite(user_woody.token, woodys_public_toybox.channel_id, user_buzz.u_id, ctx)
    
        channel_addowner(user_woody.token, woodys_public_toybox.channel_id, user_buzz.u_id, ctx)
    
        with pytest.raises(AccessError):
>           channel_removeowner(user_zerg.token, woodys_public_toybox.channel_id, user_buzz.u_id, ctx)
E           Failed: DID NOT RAISE <class 'http_tests.error.AccessError'>

http_tests/channel_tests/test_channel_removeowner.py:46: Failed
________________________ test_removal_removes_messages _________________________

user_woody = User(email='sheriff.woody@andysroom.com', password='qazwsx!!', name_first='sheriff', name_last='woody', u_id=0, token=...9.eyJ1X2lkIjowLCJleHAiOjE2NTA0MDQ2NTk4MjgwMjF9.AOs-I00EaZ6KJx91UTTuptwdI_U7mNzeLnuuYMyqdy4', handle_str='sheriffwoody')
woody_and_buzz_dm = DM(owner=0, members=[1], name='buzzlightyear, sheriffwoody', dm_id=0)
message_factory = <function message_factory.<locals>.make_message at 0x7f52b25cf048>
ctx = None

    @iteration3
    def test_removal_removes_messages(user_woody, woody_and_buzz_dm, message_factory, ctx):
        message_factory(user_woody, woody_and_buzz_dm, 'electric')
        message_factory(user_woody, woody_and_buzz_dm, 'electric mouse')
        message_factory(user_woody, woody_and_buzz_dm, 'electric house')
    
        assert len(search(user_woody.token, 'electric', ctx)['messages']) == 3
    
        dm_remove(user_woody.token, woody_and_buzz_dm.dm_id, ctx)
    
>       assert search(user_woody.token, 'electric', ctx)['messages'] == []

http_tests/dm_tests/test_dm_remove.py:31: 
_ _ _ _ _ _ _ _ _ _ _ _ _ _ _ _ _ _ _ _ _ _ _ _ _ _ _ _ _ _ _ _ _ _ _ _ _ _ _ _ 
http_tests/fakepi/other.py:44: in search
    token=token, query_str=query_str
_ _ _ _ _ _ _ _ _ _ _ _ _ _ _ _ _ _ _ _ _ _ _ _ _ _ _ _ _ _ _ _ _ _ _ _ _ _ _ _ 

res = <Response [500]>

    def parse_response(res):
        if res.status_code in [200, 201]:
            return res.json()
        elif res.status_code == 400:
            raise error.InputError()
        elif res.status_code == 403:
            raise error.AccessError()
        else:
>           raise Exception(res)
E           Exception: <Response [500]>

http_tests/fakepi/util.py:72: Exception
_____________________ test_invalid_returned_id_until_sent ______________________

user_woody = User(email='sheriff.woody@andysroom.com', password='qazwsx!!', name_first='sheriff', name_last='woody', u_id=0, token=...9.eyJ1X2lkIjowLCJleHAiOjE2NTA0MDQ2NzQ3MDc3MzB9.2GRSdR-KUr-oul2b9MjSl-GucYgBDQmnmHslfLpABOA', handle_str='sheriffwoody')
woodys_public_toybox = Channel(name='woodys toybox', is_public=True, channel_id=0, owner_members=[0], all_members=[])
ctx = None

    @iteration3
    def test_invalid_returned_id_until_sent(user_woody, woodys_public_toybox, ctx):
        msg_text = 'hello, world'
        tts = utc_now() + 2
        msg = message_sendlater(user_woody.token, woodys_public_toybox.channel_id, msg_text, tts, ctx)
    
        with pytest.raises(InputError):
>           message_remove(user_woody.token, msg['message_id'], ctx)
E           Failed: DID NOT RAISE <class 'http_tests.error.InputError'>

http_tests/message_tests/test_message_sendlater.py:55: Failed
_____________________ test_invalid_returned_id_until_sent ______________________

user_woody = User(email='sheriff.woody@andysroom.com', password='qazwsx!!', name_first='sheriff', name_last='woody', u_id=0, token=...9.eyJ1X2lkIjowLCJleHAiOjE2NTA0MDQ2ODE0NjUyNzF9.56Yj3s3JB3buOBJtPcPi-JOZdLnPBRRvjBJyA-jHK9U', handle_str='sheriffwoody')
woody_and_buzz_dm = DM(owner=0, members=[1], name='buzzlightyear, sheriffwoody', dm_id=0)
ctx = None

    @iteration3
    def test_invalid_returned_id_until_sent(user_woody, woody_and_buzz_dm, ctx):
        msg_text = 'hello, world'
        tts = utc_now() + 2
        msg = message_sendlaterdm(user_woody.token, woody_and_buzz_dm.dm_id, msg_text, tts, ctx)
    
        with pytest.raises(InputError):
>           message_remove(user_woody.token, msg['message_id'], ctx)
E           Failed: DID NOT RAISE <class 'http_tests.error.InputError'>

http_tests/message_tests/test_message_sendlaterdm.py:55: Failed
_______________________ test_successful_share_to_channel _______________________

user_woody = User(email='sheriff.woody@andysroom.com', password='qazwsx!!', name_first='sheriff', name_last='woody', u_id=0, token=...9.eyJ1X2lkIjowLCJleHAiOjE2NTA0MDQ2ODIxNjQyNDN9.5hQ_hlfyw47lhQ9Da5ErR4HxHZ6tzmdBa3Ej4vtkOig', handle_str='sheriffwoody')
woodys_public_toybox = Channel(name='woodys toybox', is_public=True, channel_id=0, owner_members=[0], all_members=[])
message_factory = <function message_factory.<locals>.make_message at 0x7f52b250f2f0>
ctx = None

    @iteration3
    def test_successful_share_to_channel(user_woody, woodys_public_toybox, message_factory, ctx):
        a_msg = message_factory(user_woody, woodys_public_toybox, 'hi')
    
        shared_msg = message_share(user_woody.token, a_msg.message_id, 'amazing', woodys_public_toybox.channel_id, -1, ctx)
    
>       assert 'shared_message_id' in shared_msg
E       AssertionError: assert 'shared_message_id' in {'message_id': 1}

http_tests/message_tests/test_message_share.py:23: AssertionError
_________________________ test_successful_share_to_dm __________________________

user_woody = User(email='sheriff.woody@andysroom.com', password='qazwsx!!', name_first='sheriff', name_last='woody', u_id=0, token=...9.eyJ1X2lkIjowLCJleHAiOjE2NTA0MDQ2ODIyNTkzNTl9.0LCXaSXBi9xHHd44H8LPPQmCJ8Hf12uOO_zXmtdc9Ow', handle_str='sheriffwoody')
woody_and_buzz_dm = DM(owner=0, members=[1], name='buzzlightyear, sheriffwoody', dm_id=0)
message_factory = <function message_factory.<locals>.make_message at 0x7f52b252fae8>
ctx = None

    @iteration3
    def test_successful_share_to_dm(user_woody, woody_and_buzz_dm, message_factory, ctx):
        a_msg = message_factory(user_woody, woody_and_buzz_dm, 'hi')
    
        shared_msg = message_share(user_woody.token, a_msg.message_id, 'amazing', -1, woody_and_buzz_dm.dm_id, ctx)
    
>       assert 'shared_message_id' in shared_msg
E       AssertionError: assert 'shared_message_id' in {'message_id': 1}

http_tests/message_tests/test_message_share.py:36: AssertionError
______________________ test_successful_cross_share[True] _______________________

to_ch = True
user_woody = User(email='sheriff.woody@andysroom.com', password='qazwsx!!', name_first='sheriff', name_last='woody', u_id=0, token=...9.eyJ1X2lkIjowLCJleHAiOjE2NTA0MDQ2ODIzODc2ODZ9.UmKyOV2LAH3asbQGnxIyFMAiuIB3EC8VWNzyylszNR0', handle_str='sheriffwoody')
woodys_public_toybox = Channel(name='woodys toybox', is_public=True, channel_id=0, owner_members=[0], all_members=[])
woody_and_buzz_dm = DM(owner=0, members=[1], name='buzzlightyear, sheriffwoody', dm_id=0)
message_factory = <function message_factory.<locals>.make_message at 0x7f52b24bdb70>
ctx = None

    @iteration3
    @pytest.mark.parametrize('to_ch', [True, False])
    def test_successful_cross_share(to_ch, user_woody, woodys_public_toybox, woody_and_buzz_dm, message_factory, ctx):
        if to_ch:
            a_msg = message_factory(user_woody, woody_and_buzz_dm, 'hi')
            cross = message_share(user_woody.token, a_msg.message_id, 'amazing', woodys_public_toybox.channel_id, -1, ctx)
            msgs = channel_messages(user_woody.token, woodys_public_toybox.channel_id, 0, ctx)
        else:
            a_msg = message_factory(user_woody, woodys_public_toybox, 'hi')
            cross = message_share(user_woody.token, a_msg.message_id, 'amazing', -1, woody_and_buzz_dm.dm_id, ctx)
            msgs = dm_messages(user_woody.token, woody_and_buzz_dm.dm_id, 0, ctx)
    
>       assert 'shared_message_id' in cross
E       AssertionError: assert 'shared_message_id' in {'message_id': 1}

http_tests/message_tests/test_message_share.py:55: AssertionError
______________________ test_successful_cross_share[False] ______________________

to_ch = False
user_woody = User(email='sheriff.woody@andysroom.com', password='qazwsx!!', name_first='sheriff', name_last='woody', u_id=0, token=...9.eyJ1X2lkIjowLCJleHAiOjE2NTA0MDQ2ODI1MzIxMTB9.YobkWk6UqDmqZuxHW1YzP6u0lAyJ2YqFKGgWzkDwQ1Y', handle_str='sheriffwoody')
woodys_public_toybox = Channel(name='woodys toybox', is_public=True, channel_id=0, owner_members=[0], all_members=[])
woody_and_buzz_dm = DM(owner=0, members=[1], name='buzzlightyear, sheriffwoody', dm_id=0)
message_factory = <function message_factory.<locals>.make_message at 0x7f52b24bdf28>
ctx = None

    @iteration3
    @pytest.mark.parametrize('to_ch', [True, False])
    def test_successful_cross_share(to_ch, user_woody, woodys_public_toybox, woody_and_buzz_dm, message_factory, ctx):
        if to_ch:
            a_msg = message_factory(user_woody, woody_and_buzz_dm, 'hi')
            cross = message_share(user_woody.token, a_msg.message_id, 'amazing', woodys_public_toybox.channel_id, -1, ctx)
            msgs = channel_messages(user_woody.token, woodys_public_toybox.channel_id, 0, ctx)
        else:
            a_msg = message_factory(user_woody, woodys_public_toybox, 'hi')
            cross = message_share(user_woody.token, a_msg.message_id, 'amazing', -1, woody_and_buzz_dm.dm_id, ctx)
            msgs = dm_messages(user_woody.token, woody_and_buzz_dm.dm_id, 0, ctx)
    
>       assert 'shared_message_id' in cross
E       AssertionError: assert 'shared_message_id' in {'message_id': 1}

http_tests/message_tests/test_message_share.py:55: AssertionError
_______________ test_tag_thru_message_edit_triggers_notification _______________

user_woody = User(email='sheriff.woody@andysroom.com', password='qazwsx!!', name_first='sheriff', name_last='woody', u_id=0, token=...9.eyJ1X2lkIjowLCJleHAiOjE2NTA0MDQ2ODU3ODI4Njl9.ifx4EGjf8qjMmUBxEQe42Fvxmsg5heZyQRqP__GgGqc', handle_str='sheriffwoody')
user_buzz = User(email='buzz.lightyear@starcommand.com', password='qazwsx@@', name_first='buzz', name_last='lightyear', u_id=1, to....eyJ1X2lkIjoxLCJleHAiOjE2NTA0MDQ2ODU4MDE2Mjd9.GVf4k47wlqzXfxrnpCiK0kb1but6buSRgsBFDmLc8nM', handle_str='buzzlightyear')
woodys_public_toybox = Channel(name='woodys toybox', is_public=True, channel_id=0, owner_members=[0], all_members=[])
message_factory = <function message_factory.<locals>.make_message at 0x7f52b24b01e0>
ctx = None

    @iteration3
    def test_tag_thru_message_edit_triggers_notification(user_woody, user_buzz, woodys_public_toybox, message_factory, ctx):
        channel_invite(user_woody.token, woodys_public_toybox.channel_id, user_buzz.u_id, ctx)
    
        a_msg = message_factory(user_buzz, woodys_public_toybox)
    
        content = f'@{user_woody.handle_str} hi'
        message_edit(user_buzz.token, a_msg.message_id, content, ctx)
    
        notifs = notifications_get(user_woody.token, ctx)
    
>       assert notifs == {'notifications': [{
            'channel_id': woodys_public_toybox.channel_id,
            'dm_id': -1,
            'notification_message': f'{user_buzz.handle_str} tagged you in {woodys_public_toybox.name}: {content[:20]}'
        }]}
E       AssertionError: assert {'notifications': []} == {'notifications': [{'channel_id': 0,\n                    'dm_id': -1,\n                    'notification_message': 'buzzlightyear tagged you in '\n                                            'woodys toybox: @sheriffwoody hi'}]}
E         Differing items:
E         {'notifications': []} != {'notifications': [{'channel_id': 0, 'dm_id': -1, 'notification_message': 'buzzlightyear tagged you in woodys toybox: @sheriffwoody hi'}]}
E         Full diff:
E           {
E         +  'notifications': [],
E         -  'notifications': [{'channel_id': 0,
E         -                     'dm_id': -1,
E         -                     'notification_message': 'buzzlightyear tagged you in '
E         -                                             'woodys toybox: @sheriffwoody hi'}],
E           }

http_tests/other_tests/test_notifications_get.py:128: AssertionError
_______________________________ test_no_matches ________________________________

user_buzz = User(email='buzz.lightyear@starcommand.com', password='qazwsx@@', name_first='buzz', name_last='lightyear', u_id=0, to....eyJ1X2lkIjowLCJleHAiOjE2NTA0MDQ2OTQ1NDI3NTR9.2UXR_r0TGpK8h2Cq6f2IGey_2vgqmr6ND8vooiKClQk', handle_str='buzzlightyear')
ctx = None

    @iteration3
    def test_no_matches(user_buzz, ctx):
>       msgs = search(user_buzz.token, 'No matches', ctx)

http_tests/other_tests/test_search.py:17: 
_ _ _ _ _ _ _ _ _ _ _ _ _ _ _ _ _ _ _ _ _ _ _ _ _ _ _ _ _ _ _ _ _ _ _ _ _ _ _ _ 
http_tests/fakepi/other.py:44: in search
    token=token, query_str=query_str
_ _ _ _ _ _ _ _ _ _ _ _ _ _ _ _ _ _ _ _ _ _ _ _ _ _ _ _ _ _ _ _ _ _ _ _ _ _ _ _ 

res = <Response [500]>

    def parse_response(res):
        if res.status_code in [200, 201]:
            return res.json()
        elif res.status_code == 400:
            raise error.InputError()
        elif res.status_code == 403:
            raise error.AccessError()
        else:
>           raise Exception(res)
E           Exception: <Response [500]>

http_tests/fakepi/util.py:72: Exception
__________________ test_search_includes_only_joined_channels ___________________

user_buzz = User(email='buzz.lightyear@starcommand.com', password='qazwsx@@', name_first='buzz', name_last='lightyear', u_id=0, to....eyJ1X2lkIjowLCJleHAiOjE2NTA0MDQ2OTUwMTE1MjJ9.Dgrz-Nz_XNyFrFAvKSkFDsEHk2yoxmBb_joxyLtitN8', handle_str='buzzlightyear')
woodys_public_toybox = Channel(name='woodys toybox', is_public=True, channel_id=0, owner_members=[1], all_members=[])
message_factory = <function message_factory.<locals>.make_message at 0x7f52b247fe18>
ctx = None

    @iteration3
    def test_search_includes_only_joined_channels(user_buzz, woodys_public_toybox, message_factory, ctx):
        channel_join(user_buzz.token, woodys_public_toybox.channel_id, ctx)
    
        message_factory(user_buzz, woodys_public_toybox, 'anything')
    
        channel_leave(user_buzz.token, woodys_public_toybox.channel_id, ctx)
    
>       msgs = search(user_buzz.token, 'any', ctx)

http_tests/other_tests/test_search.py:100: 
_ _ _ _ _ _ _ _ _ _ _ _ _ _ _ _ _ _ _ _ _ _ _ _ _ _ _ _ _ _ _ _ _ _ _ _ _ _ _ _ 
http_tests/fakepi/other.py:44: in search
    token=token, query_str=query_str
_ _ _ _ _ _ _ _ _ _ _ _ _ _ _ _ _ _ _ _ _ _ _ _ _ _ _ _ _ _ _ _ _ _ _ _ _ _ _ _ 

res = <Response [500]>

    def parse_response(res):
        if res.status_code in [200, 201]:
            return res.json()
        elif res.status_code == 400:
            raise error.InputError()
        elif res.status_code == 403:
            raise error.AccessError()
        else:
>           raise Exception(res)
E           Exception: <Response [500]>

http_tests/fakepi/util.py:72: Exception
___________________________ test_return_type_correct ___________________________

user_woody = User(email='sheriff.woody@andysroom.com', password='qazwsx!!', name_first='sheriff', name_last='woody', u_id=0, token=...9.eyJ1X2lkIjowLCJleHAiOjE2NTA0MDQ3MTg1NTI0ODZ9.YpIq9oh9LvEHWE6iPVoVXu2zF3hLDkOfMZwwAeazpsc', handle_str='sheriffwoody')
ctx = None

    @iteration3
    def test_return_type_correct(user_woody, ctx):
        stats = user_stats(user_woody.token, ctx)
    
        assert 'user_stats' in stats
        stats = stats['user_stats']
    
        assert 'channels_joined' in stats and isinstance(stats['channels_joined'], list)
        assert stats['channels_joined'][-1]['num_channels_joined'] == 0
        assert abs(stats['channels_joined'][-1]['time_stamp'] - utc_now()) <= 2
    
        assert 'dms_joined' in stats and isinstance(stats['dms_joined'], list)
        assert stats['dms_joined'][-1]['num_dms_joined'] == 0
        assert abs(stats['dms_joined'][-1]['time_stamp'] - utc_now()) <= 2
    
        assert 'messages_sent' in stats and isinstance(stats['messages_sent'], list)
        assert stats['messages_sent'][-1]['num_messages_sent'] == 0
        assert abs(stats['messages_sent'][-1]['time_stamp'] - utc_now()) <= 2
    
>       assert 'involvement_rate' in stats and isinstance(stats['involvement_rate'], float)
E       AssertionError: assert ('involvement_rate' in {'channels_joined': [{'num_channels_joined': 0, 'time_stamp': 1650404718}], 'dms_joined': [{'num_dms_joined': 0, 'time_stamp': 1650404718}], 'involvement_rate': 0, 'messages_sent': [{'num_messages_sent': 0, 'time_stamp': 1650404718}]} and False)
E        +  where False = isinstance(0, float)

http_tests/stats_tests/test_user_stats.py:38: AssertionError
=========================== short test summary info ============================
FAILED http_tests/auth_tests/test_passwordreset_request.py::test_password_request_logs_out_everywhere
FAILED http_tests/channel_tests/test_channel_addowner.py::test_global_owner_non_member_cant_addowner_private
FAILED http_tests/channel_tests/test_channel_addowner.py::test_global_owner_non_member_cant_addowner_public
FAILED http_tests/channel_tests/test_channel_removeowner.py::test_global_owner_nonmember_cannot_remove_owner
FAILED http_tests/dm_tests/test_dm_remove.py::test_removal_removes_messages
FAILED http_tests/message_tests/test_message_sendlater.py::test_invalid_returned_id_until_sent
FAILED http_tests/message_tests/test_message_sendlaterdm.py::test_invalid_returned_id_until_sent
FAILED http_tests/message_tests/test_message_share.py::test_successful_share_to_channel
FAILED http_tests/message_tests/test_message_share.py::test_successful_share_to_dm
FAILED http_tests/message_tests/test_message_share.py::test_successful_cross_share[True]
FAILED http_tests/message_tests/test_message_share.py::test_successful_cross_share[False]
FAILED http_tests/other_tests/test_notifications_get.py::test_tag_thru_message_edit_triggers_notification
FAILED http_tests/other_tests/test_search.py::test_no_matches - Exception: <R...
FAILED http_tests/other_tests/test_search.py::test_search_includes_only_joined_channels
FAILED http_tests/stats_tests/test_user_stats.py::test_return_type_correct - ...
================== 15 failed, 359 passed in 100.45s (0:01:40) ==================
